{"C:\\projects\\product-catalog-api\\server.js":{"path":"C:\\projects\\product-catalog-api\\server.js","s":{"1":1,"2":1,"3":1,"4":0,"5":1,"6":0},"b":{},"f":{"1":0,"2":0},"fnMap":{"1":{"name":"(anonymous_1)","line":6,"loc":{"start":{"line":6,"column":13},"end":{"line":6,"column":33}}},"2":{"name":"(anonymous_2)","line":11,"loc":{"start":{"line":11,"column":17},"end":{"line":11,"column":29}}}},"statementMap":{"1":{"start":{"line":2,"column":0},"end":{"line":2,"column":32}},"2":{"start":{"line":3,"column":0},"end":{"line":3,"column":19}},"3":{"start":{"line":6,"column":0},"end":{"line":8,"column":2}},"4":{"start":{"line":7,"column":2},"end":{"line":7,"column":25}},"5":{"start":{"line":11,"column":0},"end":{"line":13,"column":2}},"6":{"start":{"line":12,"column":2},"end":{"line":12,"column":44}}},"branchMap":{}}}